{"C:\\Users\\kevin.jones\\work\\typescript-jest\\src\\example\\index.ts": {"path":"C:\\Users\\kevin.jones\\work\\typescript-jest\\src\\example\\index.ts","statementMap":{"0":{"start":{"line":2,"column":2},"end":{"line":2,"column":19}},"1":{"start":{"line":5,"column":0},"end":{"line":5,"column":20}}},"fnMap":{"0":{"name":"add1","decl":{"start":{"line":1,"column":9},"end":{"line":1,"column":13}},"loc":{"start":{"line":1,"column":27},"end":{"line":3,"column":1}}}},"branchMap":{},"s":{"0":2,"1":1},"f":{"0":2},"b":{}}
}
